# JRE version: OpenJDK Runtime Environment Temurin-17.0.4.1+1 (17.0.4.1+1) (build 17.0.4.1+1)
# Java VM: OpenJDK 64-Bit Server VM Temurin-17.0.4.1+1 (17.0.4.1+1, mixed mode, tiered, compressed oops, compressed class ptrs, g1 gc, windows-amd64)
GC Precious Log:
 CPUs: 12 total, 12 available
 Memory: 16253M
 Large Page Support: Disabled
 NUMA Support: Disabled
 Compressed Oops: Enabled (Zero based)
 Heap Region Size: 2M
 Heap Min Capacity: 8M
 Heap Initial Capacity: 254M
 Heap Max Capacity: 4064M
 Pre-touch: Disabled
 Parallel Workers: 10
 Concurrent Workers: 3
 Concurrent Refinement Workers: 10
 Periodic GC: Disabled
Heap:
 garbage-first heap   total 83968K, used 46340K [0x0000000702000000, 0x0000000800000000)
  region size 2048K, 14 young (28672K), 2 survivors (4096K)
 Metaspace       used 68808K, committed 69376K, reserved 1114112K
  class space    used 8825K, committed 9088K, reserved 1048576K
GC Heap History (20 events):
Event: 0.777 GC heap before
{Heap before GC invocations=3 (full 0):
 garbage-first heap   total 40960K, used 24659K [0x0000000702000000, 0x0000000800000000)
  region size 2048K, 11 young (22528K), 2 survivors (4096K)
 Metaspace       used 24740K, committed 25024K, reserved 1073152K
  class space    used 2750K, committed 2880K, reserved 1048576K
}
Event: 0.779 GC heap after
{Heap after GC invocations=4 (full 0):
 garbage-first heap   total 40960K, used 9741K [0x0000000702000000, 0x0000000800000000)
  region size 2048K, 2 young (4096K), 2 survivors (4096K)
 Metaspace       used 24740K, committed 25024K, reserved 1073152K
  class space    used 2750K, committed 2880K, reserved 1048576K
}
Event: 0.972 GC heap before
{Heap before GC invocations=4 (full 0):
 garbage-first heap   total 40960K, used 26125K [0x0000000702000000, 0x0000000800000000)
  region size 2048K, 10 young (20480K), 2 survivors (4096K)
 Metaspace       used 26854K, committed 27136K, reserved 1081344K
  class space    used 3007K, committed 3136K, reserved 1048576K
}
Event: 0.976 GC heap after
{Heap after GC invocations=5 (full 0):
 garbage-first heap   total 40960K, used 10711K [0x0000000702000000, 0x0000000800000000)
  region size 2048K, 2 young (4096K), 2 survivors (4096K)
 Metaspace       used 26854K, committed 27136K, reserved 1081344K
  class space    used 3007K, committed 3136K, reserved 1048576K
}
Event: 1.249 GC heap before
{Heap before GC invocations=5 (full 0):
 garbage-first heap   total 40960K, used 27095K [0x0000000702000000, 0x0000000800000000)
  region size 2048K, 10 young (20480K), 2 survivors (4096K)
 Metaspace       used 29949K, committed 30336K, reserved 1081344K
  class space    used 3460K, committed 3648K, reserved 1048576K
}
Event: 1.256 GC heap after
{Heap after GC invocations=6 (full 0):
 garbage-first heap   total 40960K, used 12608K [0x0000000702000000, 0x0000000800000000)
  region size 2048K, 2 young (4096K), 2 survivors (4096K)
 Metaspace       used 29949K, committed 30336K, reserved 1081344K
  class space    used 3460K, committed 3648K, reserved 1048576K
}
Event: 1.492 GC heap before
{Heap before GC invocations=6 (full 0):
 garbage-first heap   total 40960K, used 24896K [0x0000000702000000, 0x0000000800000000)
  region size 2048K, 9 young (18432K), 2 survivors (4096K)
 Metaspace       used 33727K, committed 34048K, reserved 1081344K
  class space    used 3945K, committed 4096K, reserved 1048576K
}
Event: 1.497 GC heap after
{Heap after GC invocations=7 (full 0):
 garbage-first heap   total 40960K, used 13982K [0x0000000702000000, 0x0000000800000000)
  region size 2048K, 2 young (4096K), 2 survivors (4096K)
 Metaspace       used 33727K, committed 34048K, reserved 1081344K
  class space    used 3945K, committed 4096K, reserved 1048576K
}
Event: 1.626 GC heap before
{Heap before GC invocations=7 (full 0):
 garbage-first heap   total 40960K, used 22174K [0x0000000702000000, 0x0000000800000000)
  region size 2048K, 7 young (14336K), 2 survivors (4096K)
 Metaspace       used 35760K, committed 36096K, reserved 1081344K
  class space    used 4200K, committed 4352K, reserved 1048576K
}
Event: 1.630 GC heap after
{Heap after GC invocations=8 (full 0):
 garbage-first heap   total 151552K, used 15319K [0x0000000702000000, 0x0000000800000000)
  region size 2048K, 2 young (4096K), 2 survivors (4096K)
 Metaspace       used 35760K, committed 36096K, reserved 1081344K
  class space    used 4200K, committed 4352K, reserved 1048576K
}
Event: 2.134 GC heap before
{Heap before GC invocations=9 (full 0):
 garbage-first heap   total 69632K, used 52183K [0x0000000702000000, 0x0000000800000000)
  region size 2048K, 20 young (40960K), 2 survivors (4096K)
 Metaspace       used 47122K, committed 47552K, reserved 1097728K
  class space    used 5730K, committed 5952K, reserved 1048576K
}
Event: 2.137 GC heap after
{Heap after GC invocations=10 (full 0):
 garbage-first heap   total 69632K, used 18068K [0x0000000702000000, 0x0000000800000000)
  region size 2048K, 3 young (6144K), 3 survivors (6144K)
 Metaspace       used 47122K, committed 47552K, reserved 1097728K
  class space    used 5730K, committed 5952K, reserved 1048576K
}
Event: 2.465 GC heap before
{Heap before GC invocations=10 (full 0):
 garbage-first heap   total 69632K, used 46740K [0x0000000702000000, 0x0000000800000000)
  region size 2048K, 17 young (34816K), 3 survivors (6144K)
 Metaspace       used 53826K, committed 54272K, reserved 1097728K
  class space    used 6595K, committed 6784K, reserved 1048576K
}
Event: 2.469 GC heap after
{Heap after GC invocations=11 (full 0):
 garbage-first heap   total 69632K, used 19926K [0x0000000702000000, 0x0000000800000000)
  region size 2048K, 3 young (6144K), 3 survivors (6144K)
 Metaspace       used 53826K, committed 54272K, reserved 1097728K
  class space    used 6595K, committed 6784K, reserved 1048576K
}
Event: 2.751 GC heap before
{Heap before GC invocations=11 (full 0):
 garbage-first heap   total 69632K, used 46550K [0x0000000702000000, 0x0000000800000000)
  region size 2048K, 16 young (32768K), 3 survivors (6144K)
 Metaspace       used 59621K, committed 60096K, reserved 1105920K
  class space    used 7547K, committed 7808K, reserved 1048576K
}
Event: 2.754 GC heap after
{Heap after GC invocations=12 (full 0):
 garbage-first heap   total 69632K, used 21092K [0x0000000702000000, 0x0000000800000000)
  region size 2048K, 2 young (4096K), 2 survivors (4096K)
 Metaspace       used 59621K, committed 60096K, reserved 1105920K
  class space    used 7547K, committed 7808K, reserved 1048576K
}
Event: 2.801 GC heap before
{Heap before GC invocations=12 (full 0):
 garbage-first heap   total 69632K, used 25188K [0x0000000702000000, 0x0000000800000000)
  region size 2048K, 5 young (10240K), 2 survivors (4096K)
 Metaspace       used 60220K, committed 60608K, reserved 1105920K
  class space    used 7602K, committed 7808K, reserved 1048576K
}
Event: 2.803 GC heap after
{Heap after GC invocations=13 (full 0):
 garbage-first heap   total 69632K, used 21315K [0x0000000702000000, 0x0000000800000000)
  region size 2048K, 1 young (2048K), 1 survivors (2048K)
 Metaspace       used 60220K, committed 60608K, reserved 1105920K
  class space    used 7602K, committed 7808K, reserved 1048576K
}
Event: 3.209 GC heap before
{Heap before GC invocations=14 (full 0):
 garbage-first heap   total 69632K, used 52035K [0x0000000702000000, 0x0000000800000000)
  region size 2048K, 16 young (32768K), 1 survivors (2048K)
 Metaspace       used 66158K, committed 66688K, reserved 1114112K
  class space    used 8464K, committed 8704K, reserved 1048576K
}
Event: 3.212 GC heap after
{Heap after GC invocations=15 (full 0):
 garbage-first heap   total 83968K, used 23812K [0x0000000702000000, 0x0000000800000000)
  region size 2048K, 2 young (4096K), 2 survivors (4096K)
 Metaspace       used 66158K, committed 66688K, reserved 1114112K
  class space    used 8464K, committed 8704K, reserved 1048576K
}

