# JRE version: OpenJDK Runtime Environment Temurin-17.0.4.1+1 (17.0.4.1+1) (build 17.0.4.1+1)
# Java VM: OpenJDK 64-Bit Server VM Temurin-17.0.4.1+1 (17.0.4.1+1, mixed mode, tiered, compressed oops, compressed class ptrs, g1 gc, windows-amd64)
GC Precious Log:
 CPUs: 12 total, 12 available
 Memory: 16253M
 Large Page Support: Disabled
 NUMA Support: Disabled
 Compressed Oops: Enabled (Zero based)
 Heap Region Size: 2M
 Heap Min Capacity: 8M
 Heap Initial Capacity: 254M
 Heap Max Capacity: 4064M
 Pre-touch: Disabled
 Parallel Workers: 10
 Concurrent Workers: 3
 Concurrent Refinement Workers: 10
 Periodic GC: Disabled
Heap:
 garbage-first heap   total 69632K, used 27242K [0x0000000702000000, 0x0000000800000000)
  region size 2048K, 4 young (8192K), 1 survivors (2048K)
 Metaspace       used 59939K, committed 60416K, reserved 1105920K
  class space    used 7554K, committed 7744K, reserved 1048576K
GC Heap History (20 events):
Event: 0.424 GC heap before
{Heap before GC invocations=0 (full 0):
 garbage-first heap   total 260096K, used 20480K [0x0000000702000000, 0x0000000800000000)
  region size 2048K, 11 young (22528K), 0 survivors (0K)
 Metaspace       used 13878K, committed 14080K, reserved 1064960K
  class space    used 1394K, committed 1472K, reserved 1048576K
}
Event: 0.427 GC heap after
{Heap after GC invocations=1 (full 0):
 garbage-first heap   total 260096K, used 7019K [0x0000000702000000, 0x0000000800000000)
  region size 2048K, 2 young (4096K), 2 survivors (4096K)
 Metaspace       used 13878K, committed 14080K, reserved 1064960K
  class space    used 1394K, committed 1472K, reserved 1048576K
}
Event: 0.641 GC heap before
{Heap before GC invocations=1 (full 0):
 garbage-first heap   total 260096K, used 29547K [0x0000000702000000, 0x0000000800000000)
  region size 2048K, 14 young (28672K), 2 survivors (4096K)
 Metaspace       used 19824K, committed 19968K, reserved 1073152K
  class space    used 2297K, committed 2368K, reserved 1048576K
}
Event: 0.644 GC heap after
{Heap after GC invocations=2 (full 0):
 garbage-first heap   total 260096K, used 8294K [0x0000000702000000, 0x0000000800000000)
  region size 2048K, 1 young (2048K), 1 survivors (2048K)
 Metaspace       used 19824K, committed 19968K, reserved 1073152K
  class space    used 2297K, committed 2368K, reserved 1048576K
}
Event: 0.693 GC heap before
{Heap before GC invocations=2 (full 0):
 garbage-first heap   total 260096K, used 14438K [0x0000000702000000, 0x0000000800000000)
  region size 2048K, 5 young (10240K), 1 survivors (2048K)
 Metaspace       used 21385K, committed 21504K, reserved 1073152K
  class space    used 2496K, committed 2560K, reserved 1048576K
}
Event: 0.695 GC heap after
{Heap after GC invocations=3 (full 0):
 garbage-first heap   total 260096K, used 8734K [0x0000000702000000, 0x0000000800000000)
  region size 2048K, 2 young (4096K), 2 survivors (4096K)
 Metaspace       used 21385K, committed 21504K, reserved 1073152K
  class space    used 2496K, committed 2560K, reserved 1048576K
}
Event: 0.909 GC heap before
{Heap before GC invocations=4 (full 0):
 garbage-first heap   total 55296K, used 39454K [0x0000000702000000, 0x0000000800000000)
  region size 2048K, 18 young (36864K), 2 survivors (4096K)
 Metaspace       used 27721K, committed 27968K, reserved 1081344K
  class space    used 3214K, committed 3328K, reserved 1048576K
}
Event: 0.912 GC heap after
{Heap after GC invocations=5 (full 0):
 garbage-first heap   total 55296K, used 11599K [0x0000000702000000, 0x0000000800000000)
  region size 2048K, 3 young (6144K), 3 survivors (6144K)
 Metaspace       used 27721K, committed 27968K, reserved 1081344K
  class space    used 3214K, committed 3328K, reserved 1048576K
}
Event: 0.935 GC heap before
{Heap before GC invocations=5 (full 0):
 garbage-first heap   total 55296K, used 13647K [0x0000000702000000, 0x0000000800000000)
  region size 2048K, 4 young (8192K), 3 survivors (6144K)
 Metaspace       used 27977K, committed 28288K, reserved 1081344K
  class space    used 3247K, committed 3392K, reserved 1048576K
}
Event: 0.939 GC heap after
{Heap after GC invocations=6 (full 0):
 garbage-first heap   total 55296K, used 12143K [0x0000000702000000, 0x0000000800000000)
  region size 2048K, 1 young (2048K), 1 survivors (2048K)
 Metaspace       used 27977K, committed 28288K, reserved 1081344K
  class space    used 3247K, committed 3392K, reserved 1048576K
}
Event: 1.216 GC heap before
{Heap before GC invocations=6 (full 0):
 garbage-first heap   total 55296K, used 34671K [0x0000000702000000, 0x0000000800000000)
  region size 2048K, 12 young (24576K), 1 survivors (2048K)
 Metaspace       used 30810K, committed 31104K, reserved 1081344K
  class space    used 3629K, committed 3776K, reserved 1048576K
}
Event: 1.219 GC heap after
{Heap after GC invocations=7 (full 0):
 garbage-first heap   total 157696K, used 13342K [0x0000000702000000, 0x0000000800000000)
  region size 2048K, 1 young (2048K), 1 survivors (2048K)
 Metaspace       used 30810K, committed 31104K, reserved 1081344K
  class space    used 3629K, committed 3776K, reserved 1048576K
}
Event: 1.667 GC heap before
{Heap before GC invocations=7 (full 0):
 garbage-first heap   total 157696K, used 37918K [0x0000000702000000, 0x0000000800000000)
  region size 2048K, 14 young (28672K), 1 survivors (2048K)
 Metaspace       used 35739K, committed 36096K, reserved 1081344K
  class space    used 4339K, committed 4544K, reserved 1048576K
}
Event: 1.674 GC heap after
{Heap after GC invocations=8 (full 0):
 garbage-first heap   total 157696K, used 16148K [0x0000000702000000, 0x0000000800000000)
  region size 2048K, 3 young (6144K), 3 survivors (6144K)
 Metaspace       used 35739K, committed 36096K, reserved 1081344K
  class space    used 4339K, committed 4544K, reserved 1048576K
}
Event: 2.219 GC heap before
{Heap before GC invocations=9 (full 0):
 garbage-first heap   total 69632K, used 50964K [0x0000000702000000, 0x0000000800000000)
  region size 2048K, 20 young (40960K), 3 survivors (6144K)
 Metaspace       used 43246K, committed 43712K, reserved 1089536K
  class space    used 5352K, committed 5568K, reserved 1048576K
}
Event: 2.223 GC heap after
{Heap after GC invocations=10 (full 0):
 garbage-first heap   total 69632K, used 18943K [0x0000000702000000, 0x0000000800000000)
  region size 2048K, 3 young (6144K), 3 survivors (6144K)
 Metaspace       used 43246K, committed 43712K, reserved 1089536K
  class space    used 5352K, committed 5568K, reserved 1048576K
}
Event: 2.635 GC heap before
{Heap before GC invocations=10 (full 0):
 garbage-first heap   total 69632K, used 49663K [0x0000000702000000, 0x0000000800000000)
  region size 2048K, 18 young (36864K), 3 survivors (6144K)
 Metaspace       used 54564K, committed 54976K, reserved 1097728K
  class space    used 6779K, committed 6976K, reserved 1048576K
}
Event: 2.639 GC heap after
{Heap after GC invocations=11 (full 0):
 garbage-first heap   total 69632K, used 21519K [0x0000000702000000, 0x0000000800000000)
  region size 2048K, 3 young (6144K), 3 survivors (6144K)
 Metaspace       used 54564K, committed 54976K, reserved 1097728K
  class space    used 6779K, committed 6976K, reserved 1048576K
}
Event: 2.856 GC heap before
{Heap before GC invocations=11 (full 0):
 garbage-first heap   total 69632K, used 46095K [0x0000000702000000, 0x0000000800000000)
  region size 2048K, 16 young (32768K), 3 survivors (6144K)
 Metaspace       used 58747K, committed 59136K, reserved 1105920K
  class space    used 7282K, committed 7488K, reserved 1048576K
}
Event: 2.860 GC heap after
{Heap after GC invocations=12 (full 0):
 garbage-first heap   total 69632K, used 23146K [0x0000000702000000, 0x0000000800000000)
  region size 2048K, 1 young (2048K), 1 survivors (2048K)
 Metaspace       used 58747K, committed 59136K, reserved 1105920K
  class space    used 7282K, committed 7488K, reserved 1048576K
}

